<?xml version="1.0" encoding="UTF-8"?>
<testsuite xmlns:xsi="http://www.w3.org/2001/XMLSchema-instance" xsi:noNamespaceSchemaLocation="https://maven.apache.org/surefire/maven-surefire-plugin/xsd/surefire-test-report.xsd" version="3.0.2" name="fr.univrouen.maintenance.MaintenanceApplicationTests" time="7.809" tests="1" errors="0" skipped="0" failures="0" flakes="0">
  <properties>
[...]
</properties>
  <testcase name="contextLoads" classname="fr.univrouen.maintenance.MaintenanceApplicationTests" time="0.393">
    <system-out><![CDATA[10:29:47.116 [main] INFO org.springframework.test.context.support.AnnotationConfigContextLoaderUtils -- Could not detect default configuration classes for test class [fr.univrouen.maintenance.MaintenanceApplicationTests]: MaintenanceApplicationTests does not declare any static, non-private, non-final, nested classes annotated with @Configuration.
10:29:47.270 [main] INFO org.springframework.boot.test.context.SpringBootTestContextBootstrapper -- Found @SpringBootConfiguration fr.univrouen.maintenance.MaintenanceApplication for test class fr.univrouen.maintenance.MaintenanceApplicationTests
10:29:47.383 [main] INFO org.springframework.test.context.support.AnnotationConfigContextLoaderUtils -- Could not detect default configuration classes for test class [fr.univrouen.maintenance.MaintenanceApplicationTests]: MaintenanceApplicationTests does not declare any static, non-private, non-final, nested classes annotated with @Configuration.
10:29:47.386 [main] INFO org.springframework.boot.test.context.SpringBootTestContextBootstrapper -- Found @SpringBootConfiguration fr.univrouen.maintenance.MaintenanceApplication for test class fr.univrouen.maintenance.MaintenanceApplicationTests
{"@timestamp":"2026-04-04T10:29:47.832142846+02:00","@version":"1","message":"Starting MaintenanceApplicationTests using Java 25.0.2 with PID 155153 (started by pierreandre in /home/pierreandre/Documents/Archi_Distrib/Projet/archi-distribue/services/maintenance)","logger_name":"fr.univrouen.maintenance.MaintenanceApplicationTests","thread_name":"main","level":"INFO","level_value":20000,"tags":["COMMONS-LOGGING"]}
{"@timestamp":"2026-04-04T10:29:47.842942176+02:00","@version":"1","message":"The following 1 profile is active: \"test\"","logger_name":"fr.univrouen.maintenance.MaintenanceApplicationTests","thread_name":"main","level":"INFO","level_value":20000,"tags":["COMMONS-LOGGING"]}
{"@timestamp":"2026-04-04T10:29:49.249288033+02:00","@version":"1","message":"Bootstrapping Spring Data JPA repositories in DEFAULT mode.","logger_name":"org.springframework.data.repository.config.RepositoryConfigurationDelegate","thread_name":"main","level":"INFO","level_value":20000,"tags":["COMMONS-LOGGING"]}
{"@timestamp":"2026-04-04T10:29:49.409175001+02:00","@version":"1","message":"Finished Spring Data repository scanning in 146 ms. Found 3 JPA repository interfaces.","logger_name":"org.springframework.data.repository.config.RepositoryConfigurationDelegate","thread_name":"main","level":"INFO","level_value":20000,"tags":["COMMONS-LOGGING"]}
{"@timestamp":"2026-04-04T10:29:50.234037112+02:00","@version":"1","message":"HHH008540: Processing PersistenceUnitInfo [name: default]","logger_name":"org.hibernate.orm.jpa","thread_name":"main","level":"INFO","level_value":20000}
{"@timestamp":"2026-04-04T10:29:50.289959626+02:00","@version":"1","message":"HHH000001: Hibernate ORM core version 7.2.7.Final","logger_name":"org.hibernate.orm.core","thread_name":"main","level":"INFO","level_value":20000}
{"@timestamp":"2026-04-04T10:29:50.905481083+02:00","@version":"1","message":"No LoadTimeWeaver setup: ignoring JPA class transformer","logger_name":"org.springframework.orm.jpa.persistenceunit.SpringPersistenceUnitInfo","thread_name":"main","level":"INFO","level_value":20000,"tags":["COMMONS-LOGGING"]}
{"@timestamp":"2026-04-04T10:29:50.939626207+02:00","@version":"1","message":"HikariPool-1 - Starting...","logger_name":"com.zaxxer.hikari.HikariDataSource","thread_name":"main","level":"INFO","level_value":20000}
{"@timestamp":"2026-04-04T10:29:51.144572174+02:00","@version":"1","message":"HikariPool-1 - Added connection conn0: url=jdbc:h2:mem:maintenance user=SA","logger_name":"com.zaxxer.hikari.pool.HikariPool","thread_name":"main","level":"INFO","level_value":20000}
{"@timestamp":"2026-04-04T10:29:51.146465979+02:00","@version":"1","message":"HikariPool-1 - Start completed.","logger_name":"com.zaxxer.hikari.HikariDataSource","thread_name":"main","level":"INFO","level_value":20000}
{"@timestamp":"2026-04-04T10:29:51.22966731+02:00","@version":"1","message":"HHH10001005: Database info:\n\tDatabase JDBC URL [jdbc:h2:mem:maintenance]\n\tDatabase driver: H2 JDBC Driver\n\tDatabase dialect: H2Dialect\n\tDatabase version: 2.4.240\n\tDefault catalog/schema: MAINTENANCE/PUBLIC\n\tAutocommit mode: undefined/unknown\n\tIsolation level: READ_COMMITTED [default READ_COMMITTED]\n\tJDBC fetch size: 100\n\tPool: DataSourceConnectionProvider\n\tMinimum pool size: undefined/unknown\n\tMaximum pool size: undefined/unknown","logger_name":"org.hibernate.orm.connections.pooling","thread_name":"main","level":"INFO","level_value":20000}
{"@timestamp":"2026-04-04T10:29:52.014234167+02:00","@version":"1","message":"HHH000489: No JTA platform available (set 'hibernate.transaction.jta.platform' to enable JTA platform integration)","logger_name":"org.hibernate.orm.core","thread_name":"main","level":"INFO","level_value":20000}
{"@timestamp":"2026-04-04T10:29:52.050729732+02:00","@version":"1","message":"Initialized JPA EntityManagerFactory for persistence unit 'default'","logger_name":"org.springframework.orm.jpa.LocalContainerEntityManagerFactoryBean","thread_name":"main","level":"INFO","level_value":20000,"tags":["COMMONS-LOGGING"]}
{"@timestamp":"2026-04-04T10:29:52.12785727+02:00","@version":"1","message":"Hibernate is in classpath; If applicable, HQL parser will be used.","logger_name":"org.springframework.data.jpa.repository.query.QueryEnhancerFactories","thread_name":"main","level":"INFO","level_value":20000,"tags":["COMMONS-LOGGING"]}
{"@timestamp":"2026-04-04T10:29:52.839357917+02:00","@version":"1","message":"spring.jpa.open-in-view is enabled by default. Therefore, database queries may be performed during view rendering. Explicitly configure spring.jpa.open-in-view to disable this warning","logger_name":"org.springframework.boot.jpa.autoconfigure.JpaBaseConfiguration$JpaWebConfiguration","thread_name":"main","level":"WARN","level_value":30000,"tags":["COMMONS-LOGGING"]}
{"@timestamp":"2026-04-04T10:29:53.438609981+02:00","@version":"1","message":"Loaded 1 resource(s) in the GraphQL schema.","logger_name":"org.springframework.graphql.execution.DefaultSchemaResourceGraphQlSourceBuilder","thread_name":"main","level":"INFO","level_value":20000,"tags":["COMMONS-LOGGING"]}
{"@timestamp":"2026-04-04T10:29:53.608675094+02:00","@version":"1","message":"GraphQL schema inspection:\n\tUnmapped fields: {}\n\tUnmapped registrations: {}\n\tUnmapped arguments: {}\n\tField nullness errors: {}\n\tArgument nullness errors: {}\n\tSkipped types: []","logger_name":"org.springframework.boot.graphql.autoconfigure.GraphQlAutoConfiguration","thread_name":"main","level":"INFO","level_value":20000,"tags":["COMMONS-LOGGING"]}
{"@timestamp":"2026-04-04T10:29:53.636236638+02:00","@version":"1","message":"GraphQL endpoint HTTP POST /graphql","logger_name":"org.springframework.boot.graphql.autoconfigure.servlet.GraphQlWebMvcAutoConfiguration","thread_name":"main","level":"INFO","level_value":20000,"tags":["COMMONS-LOGGING"]}
{"@timestamp":"2026-04-04T10:29:54.249033998+02:00","@version":"1","message":"Exposing 1 endpoint beneath base path '/actuator'","logger_name":"org.springframework.boot.actuate.endpoint.web.EndpointLinksResolver","thread_name":"main","level":"INFO","level_value":20000,"tags":["COMMONS-LOGGING"]}
{"@timestamp":"2026-04-04T10:29:54.318957326+02:00","@version":"1","message":"Started MaintenanceApplicationTests in 6.833 seconds (process running for 8.421)","logger_name":"fr.univrouen.maintenance.MaintenanceApplicationTests","thread_name":"main","level":"INFO","level_value":20000,"tags":["COMMONS-LOGGING"]}
]]></system-out>
    <system-err><![CDATA[Mockito is currently self-attaching to enable the inline-mock-maker. This will no longer work in future releases of the JDK. Please add Mockito as an agent to your build as described in Mockito's documentation: https://javadoc.io/doc/org.mockito/mockito-core/latest/org.mockito/org/mockito/Mockito.html#0.3
WARNING: A Java agent has been loaded dynamically (/home/pierreandre/.m2/repository/net/bytebuddy/byte-buddy-agent/1.17.8/byte-buddy-agent-1.17.8.jar)
WARNING: If a serviceability tool is in use, please run with -XX:+EnableDynamicAgentLoading to hide this warning
WARNING: If a serviceability tool is not in use, please run with -Djdk.instrument.traceUsage for more information
WARNING: Dynamic loading of agents will be disallowed by default in a future release
]]></system-err>
  </testcase>
</testsuite>